[2020-05-11 18:49:14.129] [renderer1] [error] <semantic> TypeScript Server Error (3.8.3)
Debug Failure. Token and statement should start at the same point. {"statementKind":"ReturnStatement","tokenKind":"Identifier","errorCode":7027,"start":866,"length":33}
Error: Debug Failure. Token and statement should start at the same point. {"statementKind":"ReturnStatement","tokenKind":"Identifier","errorCode":7027,"start":866,"length":33}
    at doChange (tsserver.js:129428:26)
    at tsserver.js:129411:96
    at Function.ChangeTracker.with (tsserver.js:123413:17)
    at Object.getCodeActions (tsserver.js:129411:64)
    at tsserver.js:124540:77
    at Object.flatMap (tsserver.js:465:25)
    at Object.getFixes (tsserver.js:124540:23)
    at tsserver.js:135666:35
    at Object.flatMap (tsserver.js:465:25)
    at Proxy.getCodeFixesAtPosition (tsserver.js:135664:23)
    at IOSession.Session.getCodeFixes (tsserver.js:145753:64)
    at Session.handlers.ts.createMapFromTemplate._a.<computed> (tsserver.js:144510:61)
    at tsserver.js:146003:88
    at IOSession.Session.executeWithRequestId (tsserver.js:145994:28)
    at IOSession.Session.executeCommand (tsserver.js:146003:33)
    at IOSession.Session.onMessage (tsserver.js:146027:35)
    at Interface.<anonymous> (tsserver.js:147342:27)
    at Interface.emit (events.js:203:13)
    at Interface._onLine (readline.js:316:10)
    at Interface._normalWrite (readline.js:461:12)
    at Socket.ondata (readline.js:172:10)
    at Socket.emit (events.js:203:13)
    at addChunk (_stream_readable.js:295:12)
    at readableAddChunk (_stream_readable.js:276:11)
    at Socket.Readable.push (_stream_readable.js:210:10)
    at Pipe.onStreamRead (internal/stream_base_commons.js:166:17): Error: <semantic> TypeScript Server Error (3.8.3)
Debug Failure. Token and statement should start at the same point. {"statementKind":"ReturnStatement","tokenKind":"Identifier","errorCode":7027,"start":866,"length":33}
Error: Debug Failure. Token and statement should start at the same point. {"statementKind":"ReturnStatement","tokenKind":"Identifier","errorCode":7027,"start":866,"length":33}
    at doChange (tsserver.js:129428:26)
    at tsserver.js:129411:96
    at Function.ChangeTracker.with (tsserver.js:123413:17)
    at Object.getCodeActions (tsserver.js:129411:64)
    at tsserver.js:124540:77
    at Object.flatMap (tsserver.js:465:25)
    at Object.getFixes (tsserver.js:124540:23)
    at tsserver.js:135666:35
    at Object.flatMap (tsserver.js:465:25)
    at Proxy.getCodeFixesAtPosition (tsserver.js:135664:23)
    at IOSession.Session.getCodeFixes (tsserver.js:145753:64)
    at Session.handlers.ts.createMapFromTemplate._a.<computed> (tsserver.js:144510:61)
    at tsserver.js:146003:88
    at IOSession.Session.executeWithRequestId (tsserver.js:145994:28)
    at IOSession.Session.executeCommand (tsserver.js:146003:33)
    at IOSession.Session.onMessage (tsserver.js:146027:35)
    at Interface.<anonymous> (tsserver.js:147342:27)
    at Interface.emit (events.js:203:13)
    at Interface._onLine (readline.js:316:10)
    at Interface._normalWrite (readline.js:461:12)
    at Socket.ondata (readline.js:172:10)
    at Socket.emit (events.js:203:13)
    at addChunk (_stream_readable.js:295:12)
    at readableAddChunk (_stream_readable.js:276:11)
    at Socket.Readable.push (_stream_readable.js:210:10)
    at Pipe.onStreamRead (internal/stream_base_commons.js:166:17)
	at Function.create (/usr/share/code/resources/app/extensions/typescript-language-features/dist/extension.js:1:52622)
	at e.dispatchResponse (/usr/share/code/resources/app/extensions/typescript-language-features/dist/extension.js:1:220920)
	at e.dispatchMessage (/usr/share/code/resources/app/extensions/typescript-language-features/dist/extension.js:1:219838)
	at /usr/share/code/resources/app/extensions/typescript-language-features/dist/extension.js:1:219314
	at e.fire (/usr/share/code/resources/app/out/vs/workbench/services/extensions/node/extensionHostProcess.js:48:497)
	at t.Reader.onLengthData (/usr/share/code/resources/app/extensions/typescript-language-features/dist/extension.js:1:227976)
	at Socket.<anonymous> (/usr/share/code/resources/app/extensions/typescript-language-features/dist/extension.js:1:227624)
	at Socket.emit (events.js:203:13)
	at addChunk (_stream_readable.js:295:12)
	at readableAddChunk (_stream_readable.js:276:11)
	at Socket.Readable.push (_stream_readable.js:210:10)
	at Pipe.onStreamRead (internal/stream_base_commons.js:166:17)
[2020-05-11 22:21:37.819] [renderer1] [error] <semantic> TypeScript Server Error (3.8.3)
Debug Failure. Token and statement should start at the same point. {"statementKind":"ReturnStatement","tokenKind":"Identifier","errorCode":7027,"start":1145,"length":36}
Error: Debug Failure. Token and statement should start at the same point. {"statementKind":"ReturnStatement","tokenKind":"Identifier","errorCode":7027,"start":1145,"length":36}
    at doChange (tsserver.js:129428:26)
    at tsserver.js:129411:96
    at Function.ChangeTracker.with (tsserver.js:123413:17)
    at Object.getCodeActions (tsserver.js:129411:64)
    at tsserver.js:124540:77
    at Object.flatMap (tsserver.js:465:25)
    at Object.getFixes (tsserver.js:124540:23)
    at tsserver.js:135666:35
    at Object.flatMap (tsserver.js:465:25)
    at Proxy.getCodeFixesAtPosition (tsserver.js:135664:23)
    at IOSession.Session.getCodeFixes (tsserver.js:145753:64)
    at Session.handlers.ts.createMapFromTemplate._a.<computed> (tsserver.js:144510:61)
    at tsserver.js:146003:88
    at IOSession.Session.executeWithRequestId (tsserver.js:145994:28)
    at IOSession.Session.executeCommand (tsserver.js:146003:33)
    at IOSession.Session.onMessage (tsserver.js:146027:35)
    at Interface.<anonymous> (tsserver.js:147342:27)
    at Interface.emit (events.js:203:13)
    at Interface._onLine (readline.js:316:10)
    at Interface._normalWrite (readline.js:461:12)
    at Socket.ondata (readline.js:172:10)
    at Socket.emit (events.js:203:13)
    at addChunk (_stream_readable.js:295:12)
    at readableAddChunk (_stream_readable.js:276:11)
    at Socket.Readable.push (_stream_readable.js:210:10)
    at Pipe.onStreamRead (internal/stream_base_commons.js:166:17): Error: <semantic> TypeScript Server Error (3.8.3)
Debug Failure. Token and statement should start at the same point. {"statementKind":"ReturnStatement","tokenKind":"Identifier","errorCode":7027,"start":1145,"length":36}
Error: Debug Failure. Token and statement should start at the same point. {"statementKind":"ReturnStatement","tokenKind":"Identifier","errorCode":7027,"start":1145,"length":36}
    at doChange (tsserver.js:129428:26)
    at tsserver.js:129411:96
    at Function.ChangeTracker.with (tsserver.js:123413:17)
    at Object.getCodeActions (tsserver.js:129411:64)
    at tsserver.js:124540:77
    at Object.flatMap (tsserver.js:465:25)
    at Object.getFixes (tsserver.js:124540:23)
    at tsserver.js:135666:35
    at Object.flatMap (tsserver.js:465:25)
    at Proxy.getCodeFixesAtPosition (tsserver.js:135664:23)
    at IOSession.Session.getCodeFixes (tsserver.js:145753:64)
    at Session.handlers.ts.createMapFromTemplate._a.<computed> (tsserver.js:144510:61)
    at tsserver.js:146003:88
    at IOSession.Session.executeWithRequestId (tsserver.js:145994:28)
    at IOSession.Session.executeCommand (tsserver.js:146003:33)
    at IOSession.Session.onMessage (tsserver.js:146027:35)
    at Interface.<anonymous> (tsserver.js:147342:27)
    at Interface.emit (events.js:203:13)
    at Interface._onLine (readline.js:316:10)
    at Interface._normalWrite (readline.js:461:12)
    at Socket.ondata (readline.js:172:10)
    at Socket.emit (events.js:203:13)
    at addChunk (_stream_readable.js:295:12)
    at readableAddChunk (_stream_readable.js:276:11)
    at Socket.Readable.push (_stream_readable.js:210:10)
    at Pipe.onStreamRead (internal/stream_base_commons.js:166:17)
	at Function.create (/usr/share/code/resources/app/extensions/typescript-language-features/dist/extension.js:1:52622)
	at e.dispatchResponse (/usr/share/code/resources/app/extensions/typescript-language-features/dist/extension.js:1:220920)
	at e.dispatchMessage (/usr/share/code/resources/app/extensions/typescript-language-features/dist/extension.js:1:219838)
	at /usr/share/code/resources/app/extensions/typescript-language-features/dist/extension.js:1:219314
	at e.fire (/usr/share/code/resources/app/out/vs/workbench/services/extensions/node/extensionHostProcess.js:48:497)
	at t.Reader.onLengthData (/usr/share/code/resources/app/extensions/typescript-language-features/dist/extension.js:1:227976)
	at Socket.<anonymous> (/usr/share/code/resources/app/extensions/typescript-language-features/dist/extension.js:1:227624)
	at Socket.emit (events.js:203:13)
	at addChunk (_stream_readable.js:295:12)
	at readableAddChunk (_stream_readable.js:276:11)
	at Socket.Readable.push (_stream_readable.js:210:10)
	at Pipe.onStreamRead (internal/stream_base_commons.js:166:17)
[2020-05-11 22:33:38.421] [renderer1] [error] <semantic> TypeScript Server Error (3.8.3)
Debug Failure. Token and statement should start at the same point. {"statementKind":"ClassDeclaration","tokenKind":"CloseBraceToken","errorCode":7027,"start":1114,"length":7}
Error: Debug Failure. Token and statement should start at the same point. {"statementKind":"ClassDeclaration","tokenKind":"CloseBraceToken","errorCode":7027,"start":1114,"length":7}
    at doChange (tsserver.js:129428:26)
    at tsserver.js:129411:96
    at Function.ChangeTracker.with (tsserver.js:123413:17)
    at Object.getCodeActions (tsserver.js:129411:64)
    at tsserver.js:124540:77
    at Object.flatMap (tsserver.js:465:25)
    at Object.getFixes (tsserver.js:124540:23)
    at tsserver.js:135666:35
    at Object.flatMap (tsserver.js:465:25)
    at Proxy.getCodeFixesAtPosition (tsserver.js:135664:23)
    at IOSession.Session.getCodeFixes (tsserver.js:145753:64)
    at Session.handlers.ts.createMapFromTemplate._a.<computed> (tsserver.js:144510:61)
    at tsserver.js:146003:88
    at IOSession.Session.executeWithRequestId (tsserver.js:145994:28)
    at IOSession.Session.executeCommand (tsserver.js:146003:33)
    at IOSession.Session.onMessage (tsserver.js:146027:35)
    at Interface.<anonymous> (tsserver.js:147342:27)
    at Interface.emit (events.js:203:13)
    at Interface._onLine (readline.js:316:10)
    at Interface._normalWrite (readline.js:461:12)
    at Socket.ondata (readline.js:172:10)
    at Socket.emit (events.js:203:13)
    at addChunk (_stream_readable.js:295:12)
    at readableAddChunk (_stream_readable.js:276:11)
    at Socket.Readable.push (_stream_readable.js:210:10)
    at Pipe.onStreamRead (internal/stream_base_commons.js:166:17): Error: <semantic> TypeScript Server Error (3.8.3)
Debug Failure. Token and statement should start at the same point. {"statementKind":"ClassDeclaration","tokenKind":"CloseBraceToken","errorCode":7027,"start":1114,"length":7}
Error: Debug Failure. Token and statement should start at the same point. {"statementKind":"ClassDeclaration","tokenKind":"CloseBraceToken","errorCode":7027,"start":1114,"length":7}
    at doChange (tsserver.js:129428:26)
    at tsserver.js:129411:96
    at Function.ChangeTracker.with (tsserver.js:123413:17)
    at Object.getCodeActions (tsserver.js:129411:64)
    at tsserver.js:124540:77
    at Object.flatMap (tsserver.js:465:25)
    at Object.getFixes (tsserver.js:124540:23)
    at tsserver.js:135666:35
    at Object.flatMap (tsserver.js:465:25)
    at Proxy.getCodeFixesAtPosition (tsserver.js:135664:23)
    at IOSession.Session.getCodeFixes (tsserver.js:145753:64)
    at Session.handlers.ts.createMapFromTemplate._a.<computed> (tsserver.js:144510:61)
    at tsserver.js:146003:88
    at IOSession.Session.executeWithRequestId (tsserver.js:145994:28)
    at IOSession.Session.executeCommand (tsserver.js:146003:33)
    at IOSession.Session.onMessage (tsserver.js:146027:35)
    at Interface.<anonymous> (tsserver.js:147342:27)
    at Interface.emit (events.js:203:13)
    at Interface._onLine (readline.js:316:10)
    at Interface._normalWrite (readline.js:461:12)
    at Socket.ondata (readline.js:172:10)
    at Socket.emit (events.js:203:13)
    at addChunk (_stream_readable.js:295:12)
    at readableAddChunk (_stream_readable.js:276:11)
    at Socket.Readable.push (_stream_readable.js:210:10)
    at Pipe.onStreamRead (internal/stream_base_commons.js:166:17)
	at Function.create (/usr/share/code/resources/app/extensions/typescript-language-features/dist/extension.js:1:52622)
	at e.dispatchResponse (/usr/share/code/resources/app/extensions/typescript-language-features/dist/extension.js:1:220920)
	at e.dispatchMessage (/usr/share/code/resources/app/extensions/typescript-language-features/dist/extension.js:1:219838)
	at /usr/share/code/resources/app/extensions/typescript-language-features/dist/extension.js:1:219314
	at e.fire (/usr/share/code/resources/app/out/vs/workbench/services/extensions/node/extensionHostProcess.js:48:497)
	at t.Reader.onLengthData (/usr/share/code/resources/app/extensions/typescript-language-features/dist/extension.js:1:227976)
	at Socket.<anonymous> (/usr/share/code/resources/app/extensions/typescript-language-features/dist/extension.js:1:227624)
	at Socket.emit (events.js:203:13)
	at addChunk (_stream_readable.js:295:12)
	at readableAddChunk (_stream_readable.js:276:11)
	at Socket.Readable.push (_stream_readable.js:210:10)
	at Pipe.onStreamRead (internal/stream_base_commons.js:166:17)
